<?xml version="1.0" encoding="UTF-8"?>
<testng-results ignored="0" total="2" passed="2" failed="0" skipped="0">
  <reporter-output>
  </reporter-output>
  <suite started-at="2022-04-13T15:43:55 IST" name="demo.LoginApp_Test" finished-at="2022-04-13T15:44:03 IST" duration-ms="7860">
    <groups>
    </groups>
    <test started-at="2022-04-13T15:43:55 IST" name="Command line test" finished-at="2022-04-13T15:44:03 IST" duration-ms="7860">
      <class name="demo.LoginApp_Test">
        <test-method is-config="true" signature="beforeClass()[pri:0, instance:demo.LoginApp_Test@4562e04d]" started-at="2022-04-13T15:43:55 IST" name="beforeClass" finished-at="2022-04-13T15:43:58 IST" duration-ms="2624" status="PASS">
          <reporter-output>
          </reporter-output>
        </test-method> <!-- beforeClass -->
        <test-method signature="testlogin()[pri:1, instance:demo.LoginApp_Test@4562e04d]" started-at="2022-04-13T15:43:58 IST" name="testlogin" finished-at="2022-04-13T15:44:02 IST" duration-ms="4510" status="PASS">
          <reporter-output>
          </reporter-output>
        </test-method> <!-- testlogin -->
        <test-method signature="testlogout()[pri:2, instance:demo.LoginApp_Test@4562e04d]" started-at="2022-04-13T15:44:02 IST" name="testlogout" finished-at="2022-04-13T15:44:03 IST" depends-on-methods="demo.LoginApp_Test.testlogin" duration-ms="640" status="PASS">
          <reporter-output>
          </reporter-output>
        </test-method> <!-- testlogout -->
        <test-method is-config="true" signature="afterClass()[pri:0, instance:demo.LoginApp_Test@4562e04d]" started-at="2022-04-13T15:44:03 IST" name="afterClass" finished-at="2022-04-13T15:44:03 IST" duration-ms="64" status="PASS">
          <reporter-output>
          </reporter-output>
        </test-method> <!-- afterClass -->
      </class> <!-- demo.LoginApp_Test -->
    </test> <!-- Command line test -->
  </suite> <!-- demo.LoginApp_Test -->
</testng-results>
